<?xml version="1.0" encoding="UTF-8"?>
<!-- Generated by org.testng.reporters.JUnitXMLReporter -->
<testsuite hostname="DELL" ignored="0" name="Complete Test" tests="16" failures="1" timestamp="27 Feb 2019 11:51:32 GMT" time="60.237" errors="0">
  <testcase name="getWorkflows" time="35.157" classname="FormBuilderTest.CompleteTesting"/>
  <testcase name="addWorflow" time="4.123" classname="FormBuilderTest.CompleteTesting"/>
  <testcase name="UpdateWorkflow" time="4.095" classname="FormBuilderTest.CompleteTesting"/>
  <testcase name="MapWorkflow" time="1.686" classname="FormBuilderTest.CompleteTesting"/>
  <testcase name="getExistingScreen" time="1.767" classname="FormBuilderTest.CompleteTesting"/>
  <testcase name="addExistingScreens" time="2.032" classname="FormBuilderTest.CompleteTesting"/>
  <testcase name="removeExistingSCresn" time="1.688" classname="FormBuilderTest.CompleteTesting"/>
  <testcase name="getScreens" time="1.906" classname="FormBuilderTest.CompleteTesting"/>
  <testcase name="AddCustomScreens" time="4.295" classname="FormBuilderTest.CompleteTesting">
    <failure type="java.lang.AssertionError" message="expected [true] but found [false]">
      <![CDATA[java.lang.AssertionError: expected [true] but found [false]
at FormBuilderTest.CompleteTesting.AddCustomScreens(CompleteTesting.java:112)
... Removed 29 stack frames]]>
    </failure>
  </testcase> <!-- AddCustomScreens -->
  <testcase name="updateCustomScreens" time="0.0" classname="FormBuilderTest.CompleteTesting">
    <skipped/>
  </testcase> <!-- updateCustomScreens -->
  <testcase name="MapScreensWithWorkflows" time="0.0" classname="FormBuilderTest.CompleteTesting">
    <skipped/>
  </testcase> <!-- MapScreensWithWorkflows -->
  <testcase name="deleteFormFields" time="0.0" classname="FormBuilderTest.CompleteTesting">
    <skipped/>
  </testcase> <!-- deleteFormFields -->
  <testcase name="removeMappingScreenWf" time="0.0" classname="FormBuilderTest.CompleteTesting">
    <skipped/>
  </testcase> <!-- removeMappingScreenWf -->
  <testcase name="deleteScreens" time="0.0" classname="FormBuilderTest.CompleteTesting">
    <skipped/>
  </testcase> <!-- deleteScreens -->
  <testcase name="removeVenueWFMapping" time="1.622" classname="FormBuilderTest.CompleteTesting"/>
  <testcase name="deleteWorkFlow" time="1.722" classname="FormBuilderTest.CompleteTesting"/>
</testsuite> <!-- Complete Test -->
