<?xml version="1.0" encoding="UTF-8"?>
<!-- Generated by org.testng.reporters.JUnitXMLReporter -->
<testsuite hostname="DELL" ignored="0" name="Complete Test" tests="16" failures="1" timestamp="28 Feb 2019 09:02:07 GMT" time="26.525" errors="0">
  <testcase name="getWorkflows" time="5.709" classname="FormBuilderTest.CompleteTesting"/>
  <testcase name="addWorflow" time="4.288" classname="FormBuilderTest.CompleteTesting"/>
  <testcase name="UpdateWorkflow" time="1.768" classname="FormBuilderTest.CompleteTesting"/>
  <testcase name="MapWorkflow" time="1.594" classname="FormBuilderTest.CompleteTesting"/>
  <testcase name="getExistingScreen" time="1.594" classname="FormBuilderTest.CompleteTesting"/>
  <testcase name="addExistingScreens" time="1.626" classname="FormBuilderTest.CompleteTesting"/>
  <testcase name="removeExistingSCresn" time="1.609" classname="FormBuilderTest.CompleteTesting"/>
  <testcase name="getScreens" time="1.764" classname="FormBuilderTest.CompleteTesting"/>
  <testcase name="AddCustomScreens" time="3.28" classname="FormBuilderTest.CompleteTesting">
    <failure type="java.lang.AssertionError" message="expected [true] but found [false]">
      <![CDATA[java.lang.AssertionError: expected [true] but found [false]
at FormBuilderTest.CompleteTesting.AddCustomScreens(CompleteTesting.java:153)
... Removed 29 stack frames]]>
    </failure>
  </testcase> <!-- AddCustomScreens -->
  <testcase name="updateCustomScreens" time="0.0" classname="FormBuilderTest.CompleteTesting">
    <skipped/>
  </testcase> <!-- updateCustomScreens -->
  <testcase name="MapScreensWithWorkflows" time="0.0" classname="FormBuilderTest.CompleteTesting">
    <skipped/>
  </testcase> <!-- MapScreensWithWorkflows -->
  <testcase name="deleteFormFields" time="0.0" classname="FormBuilderTest.CompleteTesting">
    <skipped/>
  </testcase> <!-- deleteFormFields -->
  <testcase name="removeMappingScreenWf" time="0.0" classname="FormBuilderTest.CompleteTesting">
    <skipped/>
  </testcase> <!-- removeMappingScreenWf -->
  <testcase name="deleteScreens" time="0.0" classname="FormBuilderTest.CompleteTesting">
    <skipped/>
  </testcase> <!-- deleteScreens -->
  <testcase name="removeVenueWFMapping" time="1.577" classname="FormBuilderTest.CompleteTesting"/>
  <testcase name="deleteWorkFlow" time="1.568" classname="FormBuilderTest.CompleteTesting"/>
</testsuite> <!-- Complete Test -->
