<?xml version="1.0" encoding="UTF-8"?>
<!-- Generated by org.testng.reporters.JUnitXMLReporter -->
<testsuite hostname="DELL" ignored="9" name="Default test" tests="1" failures="0" timestamp="27 Feb 2019 09:03:13 GMT" time="5.332" errors="0">
  <testcase name="getScreens" time="5.301" classname="FormBuilderTest.CompleteTesting"/>
  <testcase name="UpdateWorkflow" time="0.0" classname="FormBuilderTest.CompleteTesting">
    <ignored/>
  </testcase> <!-- UpdateWorkflow -->
  <testcase name="removeExistingSCresn" time="0.0" classname="FormBuilderTest.CompleteTesting">
    <ignored/>
  </testcase> <!-- removeExistingSCresn -->
  <testcase name="updateScreens" time="0.0" classname="FormBuilderTest.CompleteTesting">
    <ignored/>
  </testcase> <!-- updateScreens -->
  <testcase name="AddCustomScreens" time="0.0" classname="FormBuilderTest.CompleteTesting">
    <ignored/>
  </testcase> <!-- AddCustomScreens -->
  <testcase name="MapWorkflow" time="0.0" classname="FormBuilderTest.CompleteTesting">
    <ignored/>
  </testcase> <!-- MapWorkflow -->
  <testcase name="getExistingScreen" time="0.0" classname="FormBuilderTest.CompleteTesting">
    <ignored/>
  </testcase> <!-- getExistingScreen -->
  <testcase name="getWorkflows" time="0.0" classname="FormBuilderTest.CompleteTesting">
    <ignored/>
  </testcase> <!-- getWorkflows -->
  <testcase name="addExistingScreens" time="0.0" classname="FormBuilderTest.CompleteTesting">
    <ignored/>
  </testcase> <!-- addExistingScreens -->
  <testcase name="addWorflow" time="0.0" classname="FormBuilderTest.CompleteTesting">
    <ignored/>
  </testcase> <!-- addWorflow -->
</testsuite> <!-- Default test -->
