<?xml version="1.0" encoding="UTF-8"?>
<!-- Generated by org.testng.reporters.JUnitXMLReporter -->
<testsuite hostname="DELL" ignored="0" name="Default test" tests="16" failures="1" timestamp="28 Feb 2019 09:30:50 GMT" time="34.8" errors="0">
  <testcase name="getWorkflows" time="6.038" classname="FormBuilderTest.CompleteTesting"/>
  <testcase name="addWorflow" time="3.671" classname="FormBuilderTest.CompleteTesting"/>
  <testcase name="UpdateWorkflow" time="1.864" classname="FormBuilderTest.CompleteTesting"/>
  <testcase name="MapWorkflow" time="1.609" classname="FormBuilderTest.CompleteTesting"/>
  <testcase name="getExistingScreen" time="1.75" classname="FormBuilderTest.CompleteTesting"/>
  <testcase name="addExistingScreens" time="1.777" classname="FormBuilderTest.CompleteTesting"/>
  <testcase name="removeExistingSCresn" time="1.672" classname="FormBuilderTest.CompleteTesting"/>
  <testcase name="getScreens" time="1.759" classname="FormBuilderTest.CompleteTesting"/>
  <testcase name="AddCustomScreens" time="3.532" classname="FormBuilderTest.CompleteTesting"/>
  <testcase name="updateCustomScreens" time="1.654" classname="FormBuilderTest.CompleteTesting">
    <failure type="java.lang.AssertionError" message="expected [201] but found [200]">
      <![CDATA[java.lang.AssertionError: expected [201] but found [200]
at org.testng.Assert.fail(Assert.java:96)
at org.testng.Assert.failNotEquals(Assert.java:776)
at org.testng.Assert.assertEqualsImpl(Assert.java:137)
at org.testng.Assert.assertEquals(Assert.java:118)
at org.testng.Assert.assertEquals(Assert.java:652)
at org.testng.Assert.assertEquals(Assert.java:662)
at FormBuilderTest.CompleteTesting.updateCustomScreens(CompleteTesting.java:165)
at sun.reflect.NativeMethodAccessorImpl.invoke0(Native Method)
at sun.reflect.NativeMethodAccessorImpl.invoke(Unknown Source)
at sun.reflect.DelegatingMethodAccessorImpl.invoke(Unknown Source)
at java.lang.reflect.Method.invoke(Unknown Source)
at org.testng.internal.MethodInvocationHelper.invokeMethod(MethodInvocationHelper.java:124)
at org.testng.internal.Invoker.invokeMethod(Invoker.java:580)
at org.testng.internal.Invoker.invokeTestMethod(Invoker.java:716)
at org.testng.internal.Invoker.invokeTestMethods(Invoker.java:988)
at org.testng.internal.TestMethodWorker.invokeTestMethods(TestMethodWorker.java:125)
at org.testng.internal.TestMethodWorker.run(TestMethodWorker.java:109)
at org.testng.TestRunner.privateRun(TestRunner.java:648)
at org.testng.TestRunner.run(TestRunner.java:505)
at org.testng.SuiteRunner.runTest(SuiteRunner.java:455)
at org.testng.SuiteRunner.runSequentially(SuiteRunner.java:450)
at org.testng.SuiteRunner.privateRun(SuiteRunner.java:415)
at org.testng.SuiteRunner.run(SuiteRunner.java:364)
at org.testng.SuiteRunnerWorker.runSuite(SuiteRunnerWorker.java:52)
at org.testng.SuiteRunnerWorker.run(SuiteRunnerWorker.java:84)
at org.testng.TestNG.runSuitesSequentially(TestNG.java:1208)
at org.testng.TestNG.runSuitesLocally(TestNG.java:1137)
at org.testng.TestNG.runSuites(TestNG.java:1049)
at org.testng.TestNG.run(TestNG.java:1017)
at org.testng.remote.AbstractRemoteTestNG.run(AbstractRemoteTestNG.java:114)
at org.testng.remote.RemoteTestNG.initAndRun(RemoteTestNG.java:251)
at org.testng.remote.RemoteTestNG.main(RemoteTestNG.java:77)
]]>
    </failure>
  </testcase> <!-- updateCustomScreens -->
  <testcase name="MapScreensWithWorkflows" time="1.756" classname="FormBuilderTest.CompleteTesting"/>
  <testcase name="deleteFormFields" time="0.0" classname="FormBuilderTest.CompleteTesting">
    <skipped/>
  </testcase> <!-- deleteFormFields -->
  <testcase name="removeMappingScreenWf" time="1.687" classname="FormBuilderTest.CompleteTesting"/>
  <testcase name="deleteScreens" time="1.562" classname="FormBuilderTest.CompleteTesting"/>
  <testcase name="removeVenueWFMapping" time="1.641" classname="FormBuilderTest.CompleteTesting"/>
  <testcase name="deleteWorkFlow" time="1.781" classname="FormBuilderTest.CompleteTesting"/>
</testsuite> <!-- Default test -->
