<?xml version="1.0" encoding="UTF-8"?>
<testng-results skipped="5" failed="1" ignored="0" total="16" passed="10">
  <reporter-output>
  </reporter-output>
  <suite name="PositveTestingSuite" duration-ms="60237" started-at="2019-02-27T11:50:31Z" finished-at="2019-02-27T11:51:31Z">
    <groups>
      <group name="Workflow">
        <method signature="CompleteTesting.addWorflow()[pri:2, instance:FormBuilderTest.CompleteTesting@5622fdf]" name="addWorflow" class="FormBuilderTest.CompleteTesting"/>
        <method signature="CompleteTesting.MapWorkflow()[pri:4, instance:FormBuilderTest.CompleteTesting@5622fdf]" name="MapWorkflow" class="FormBuilderTest.CompleteTesting"/>
        <method signature="CompleteTesting.UpdateWorkflow()[pri:3, instance:FormBuilderTest.CompleteTesting@5622fdf]" name="UpdateWorkflow" class="FormBuilderTest.CompleteTesting"/>
        <method signature="CompleteTesting.addExistingScreens()[pri:6, instance:FormBuilderTest.CompleteTesting@5622fdf]" name="addExistingScreens" class="FormBuilderTest.CompleteTesting"/>
        <method signature="CompleteTesting.getExistingScreen()[pri:5, instance:FormBuilderTest.CompleteTesting@5622fdf]" name="getExistingScreen" class="FormBuilderTest.CompleteTesting"/>
        <method signature="CompleteTesting.getWorkflows()[pri:1, instance:FormBuilderTest.CompleteTesting@5622fdf]" name="getWorkflows" class="FormBuilderTest.CompleteTesting"/>
        <method signature="CompleteTesting.removeExistingSCresn()[pri:7, instance:FormBuilderTest.CompleteTesting@5622fdf]" name="removeExistingSCresn" class="FormBuilderTest.CompleteTesting"/>
      </group> <!-- Workflow -->
      <group name="Screens">
        <method signature="CompleteTesting.AddCustomScreens()[pri:9, instance:FormBuilderTest.CompleteTesting@5622fdf]" name="AddCustomScreens" class="FormBuilderTest.CompleteTesting"/>
        <method signature="CompleteTesting.MapScreensWithWorkflows()[pri:11, instance:FormBuilderTest.CompleteTesting@5622fdf]" name="MapScreensWithWorkflows" class="FormBuilderTest.CompleteTesting"/>
        <method signature="CompleteTesting.deleteScreens()[pri:14, instance:FormBuilderTest.CompleteTesting@5622fdf]" name="deleteScreens" class="FormBuilderTest.CompleteTesting"/>
        <method signature="CompleteTesting.deleteWorkFlow()[pri:15, instance:FormBuilderTest.CompleteTesting@5622fdf]" name="deleteWorkFlow" class="FormBuilderTest.CompleteTesting"/>
        <method signature="CompleteTesting.getScreens()[pri:8, instance:FormBuilderTest.CompleteTesting@5622fdf]" name="getScreens" class="FormBuilderTest.CompleteTesting"/>
        <method signature="CompleteTesting.removeMappingScreenWf()[pri:13, instance:FormBuilderTest.CompleteTesting@5622fdf]" name="removeMappingScreenWf" class="FormBuilderTest.CompleteTesting"/>
        <method signature="CompleteTesting.removeVenueWFMapping()[pri:14, instance:FormBuilderTest.CompleteTesting@5622fdf]" name="removeVenueWFMapping" class="FormBuilderTest.CompleteTesting"/>
        <method signature="CompleteTesting.updateCustomScreens()[pri:10, instance:FormBuilderTest.CompleteTesting@5622fdf]" name="updateCustomScreens" class="FormBuilderTest.CompleteTesting"/>
        <method signature="CompleteTesting.deleteFormFields()[pri:12, instance:FormBuilderTest.CompleteTesting@5622fdf]" name="deleteFormFields" class="FormBuilderTest.CompleteTesting"/>
      </group> <!-- Screens -->
    </groups>
    <test name="Complete Test" duration-ms="60237" started-at="2019-02-27T11:50:31Z" finished-at="2019-02-27T11:51:31Z">
      <class name="FormBuilderTest.CompleteTesting">
        <test-method status="PASS" signature="getWorkflows()[pri:1, instance:FormBuilderTest.CompleteTesting@5622fdf]" name="getWorkflows" duration-ms="35157" started-at="2019-02-27T11:50:31Z" description="Getting WorkFlows" finished-at="2019-02-27T11:51:06Z">
          <reporter-output>
          </reporter-output>
        </test-method> <!-- getWorkflows -->
        <test-method status="PASS" signature="addWorflow()[pri:2, instance:FormBuilderTest.CompleteTesting@5622fdf]" name="addWorflow" duration-ms="4123" started-at="2019-02-27T11:51:06Z" description="Add Workflows" finished-at="2019-02-27T11:51:10Z">
          <reporter-output>
          </reporter-output>
        </test-method> <!-- addWorflow -->
        <test-method status="PASS" signature="UpdateWorkflow()[pri:3, instance:FormBuilderTest.CompleteTesting@5622fdf]" name="UpdateWorkflow" duration-ms="4095" started-at="2019-02-27T11:51:10Z" description="Update Workflows" depends-on-methods="FormBuilderTest.CompleteTesting.addWorflow" finished-at="2019-02-27T11:51:15Z">
          <reporter-output>
          </reporter-output>
        </test-method> <!-- UpdateWorkflow -->
        <test-method status="PASS" signature="MapWorkflow()[pri:4, instance:FormBuilderTest.CompleteTesting@5622fdf]" name="MapWorkflow" duration-ms="1686" started-at="2019-02-27T11:51:15Z" description="Mapping workflow with venue" depends-on-methods="FormBuilderTest.CompleteTesting.addWorflow" finished-at="2019-02-27T11:51:16Z">
          <reporter-output>
          </reporter-output>
        </test-method> <!-- MapWorkflow -->
        <test-method status="PASS" signature="getExistingScreen()[pri:5, instance:FormBuilderTest.CompleteTesting@5622fdf]" name="getExistingScreen" duration-ms="1767" started-at="2019-02-27T11:51:16Z" description="Getting Existing screens of a workflow" depends-on-methods="FormBuilderTest.CompleteTesting.addWorflow" finished-at="2019-02-27T11:51:18Z">
          <reporter-output>
          </reporter-output>
        </test-method> <!-- getExistingScreen -->
        <test-method status="PASS" signature="addExistingScreens()[pri:6, instance:FormBuilderTest.CompleteTesting@5622fdf]" name="addExistingScreens" duration-ms="2032" started-at="2019-02-27T11:51:18Z" description="Mapping Existing screens with a workflow" depends-on-methods="FormBuilderTest.CompleteTesting.addWorflow" finished-at="2019-02-27T11:51:20Z">
          <reporter-output>
          </reporter-output>
        </test-method> <!-- addExistingScreens -->
        <test-method status="PASS" signature="removeExistingSCresn()[pri:7, instance:FormBuilderTest.CompleteTesting@5622fdf]" name="removeExistingSCresn" duration-ms="1688" started-at="2019-02-27T11:51:20Z" description="removing mapping of Existing screens" depends-on-methods="FormBuilderTest.CompleteTesting.addExistingScreens" finished-at="2019-02-27T11:51:22Z">
          <reporter-output>
          </reporter-output>
        </test-method> <!-- removeExistingSCresn -->
        <test-method status="PASS" signature="getScreens()[pri:8, instance:FormBuilderTest.CompleteTesting@5622fdf]" name="getScreens" duration-ms="1906" started-at="2019-02-27T11:51:22Z" description="GetAll Screens" finished-at="2019-02-27T11:51:24Z">
          <reporter-output>
          </reporter-output>
        </test-method> <!-- getScreens -->
        <test-method status="FAIL" signature="AddCustomScreens()[pri:9, instance:FormBuilderTest.CompleteTesting@5622fdf]" name="AddCustomScreens" duration-ms="4295" started-at="2019-02-27T11:51:24Z" description="Adding Custom Screens" finished-at="2019-02-27T11:51:28Z">
          <exception class="java.lang.AssertionError">
            <message>
              <![CDATA[expected [true] but found [false]]]>
            </message>
            <full-stacktrace>
              <![CDATA[java.lang.AssertionError: expected [true] but found [false]
at org.testng.Assert.fail(Assert.java:96)
at org.testng.Assert.failNotEquals(Assert.java:776)
at org.testng.Assert.assertTrue(Assert.java:44)
at org.testng.Assert.assertTrue(Assert.java:54)
at FormBuilderTest.CompleteTesting.AddCustomScreens(CompleteTesting.java:112)
at sun.reflect.NativeMethodAccessorImpl.invoke0(Native Method)
at sun.reflect.NativeMethodAccessorImpl.invoke(Unknown Source)
at sun.reflect.DelegatingMethodAccessorImpl.invoke(Unknown Source)
at java.lang.reflect.Method.invoke(Unknown Source)
at org.testng.internal.MethodInvocationHelper.invokeMethod(MethodInvocationHelper.java:124)
at org.testng.internal.Invoker.invokeMethod(Invoker.java:580)
at org.testng.internal.Invoker.invokeTestMethod(Invoker.java:716)
at org.testng.internal.Invoker.invokeTestMethods(Invoker.java:988)
at org.testng.internal.TestMethodWorker.invokeTestMethods(TestMethodWorker.java:125)
at org.testng.internal.TestMethodWorker.run(TestMethodWorker.java:109)
at org.testng.TestRunner.privateRun(TestRunner.java:648)
at org.testng.TestRunner.run(TestRunner.java:505)
at org.testng.SuiteRunner.runTest(SuiteRunner.java:455)
at org.testng.SuiteRunner.runSequentially(SuiteRunner.java:450)
at org.testng.SuiteRunner.privateRun(SuiteRunner.java:415)
at org.testng.SuiteRunner.run(SuiteRunner.java:364)
at org.testng.SuiteRunnerWorker.runSuite(SuiteRunnerWorker.java:52)
at org.testng.SuiteRunnerWorker.run(SuiteRunnerWorker.java:84)
at org.testng.TestNG.runSuitesSequentially(TestNG.java:1208)
at org.testng.TestNG.runSuitesLocally(TestNG.java:1137)
at org.testng.TestNG.runSuites(TestNG.java:1049)
at org.testng.TestNG.run(TestNG.java:1017)
at org.testng.remote.AbstractRemoteTestNG.run(AbstractRemoteTestNG.java:114)
at org.testng.remote.RemoteTestNG.initAndRun(RemoteTestNG.java:251)
at org.testng.remote.RemoteTestNG.main(RemoteTestNG.java:77)
]]>
            </full-stacktrace>
          </exception> <!-- java.lang.AssertionError -->
          <reporter-output>
          </reporter-output>
        </test-method> <!-- AddCustomScreens -->
        <test-method status="SKIP" signature="MapScreensWithWorkflows()[pri:11, instance:FormBuilderTest.CompleteTesting@5622fdf]" name="MapScreensWithWorkflows" duration-ms="0" started-at="2019-02-27T11:51:28Z" description="Mapping Custom Screens with workflow" depends-on-methods="FormBuilderTest.CompleteTesting.AddCustomScreens, FormBuilderTest.CompleteTesting.addWorflow" finished-at="2019-02-27T11:51:28Z">
          <exception class="java.lang.Throwable">
            <message>
              <![CDATA[Method CompleteTesting.MapScreensWithWorkflows()[pri:11, instance:FormBuilderTest.CompleteTesting@5622fdf] depends on not successfully finished methods]]>
            </message>
            <full-stacktrace>
              <![CDATA[java.lang.Throwable: Method CompleteTesting.MapScreensWithWorkflows()[pri:11, instance:FormBuilderTest.CompleteTesting@5622fdf] depends on not successfully finished methods
at org.testng.internal.Invoker.invokeTestMethods(Invoker.java:887)
at org.testng.internal.TestMethodWorker.invokeTestMethods(TestMethodWorker.java:125)
at org.testng.internal.TestMethodWorker.run(TestMethodWorker.java:109)
at org.testng.TestRunner.privateRun(TestRunner.java:648)
at org.testng.TestRunner.run(TestRunner.java:505)
at org.testng.SuiteRunner.runTest(SuiteRunner.java:455)
at org.testng.SuiteRunner.runSequentially(SuiteRunner.java:450)
at org.testng.SuiteRunner.privateRun(SuiteRunner.java:415)
at org.testng.SuiteRunner.run(SuiteRunner.java:364)
at org.testng.SuiteRunnerWorker.runSuite(SuiteRunnerWorker.java:52)
at org.testng.SuiteRunnerWorker.run(SuiteRunnerWorker.java:84)
at org.testng.TestNG.runSuitesSequentially(TestNG.java:1208)
at org.testng.TestNG.runSuitesLocally(TestNG.java:1137)
at org.testng.TestNG.runSuites(TestNG.java:1049)
at org.testng.TestNG.run(TestNG.java:1017)
at org.testng.remote.AbstractRemoteTestNG.run(AbstractRemoteTestNG.java:114)
at org.testng.remote.RemoteTestNG.initAndRun(RemoteTestNG.java:251)
at org.testng.remote.RemoteTestNG.main(RemoteTestNG.java:77)
]]>
            </full-stacktrace>
          </exception> <!-- java.lang.Throwable -->
          <reporter-output>
          </reporter-output>
        </test-method> <!-- MapScreensWithWorkflows -->
        <test-method status="SKIP" signature="updateCustomScreens()[pri:10, instance:FormBuilderTest.CompleteTesting@5622fdf]" name="updateCustomScreens" duration-ms="0" started-at="2019-02-27T11:51:28Z" description="Updating Custom Screens(Adding form fileds in custom as screen)" depends-on-methods="FormBuilderTest.CompleteTesting.AddCustomScreens" finished-at="2019-02-27T11:51:28Z">
          <exception class="java.lang.Throwable">
            <message>
              <![CDATA[Method CompleteTesting.updateCustomScreens()[pri:10, instance:FormBuilderTest.CompleteTesting@5622fdf] depends on not successfully finished methods]]>
            </message>
            <full-stacktrace>
              <![CDATA[java.lang.Throwable: Method CompleteTesting.updateCustomScreens()[pri:10, instance:FormBuilderTest.CompleteTesting@5622fdf] depends on not successfully finished methods
at org.testng.internal.Invoker.invokeTestMethods(Invoker.java:887)
at org.testng.internal.TestMethodWorker.invokeTestMethods(TestMethodWorker.java:125)
at org.testng.internal.TestMethodWorker.run(TestMethodWorker.java:109)
at org.testng.TestRunner.privateRun(TestRunner.java:648)
at org.testng.TestRunner.run(TestRunner.java:505)
at org.testng.SuiteRunner.runTest(SuiteRunner.java:455)
at org.testng.SuiteRunner.runSequentially(SuiteRunner.java:450)
at org.testng.SuiteRunner.privateRun(SuiteRunner.java:415)
at org.testng.SuiteRunner.run(SuiteRunner.java:364)
at org.testng.SuiteRunnerWorker.runSuite(SuiteRunnerWorker.java:52)
at org.testng.SuiteRunnerWorker.run(SuiteRunnerWorker.java:84)
at org.testng.TestNG.runSuitesSequentially(TestNG.java:1208)
at org.testng.TestNG.runSuitesLocally(TestNG.java:1137)
at org.testng.TestNG.runSuites(TestNG.java:1049)
at org.testng.TestNG.run(TestNG.java:1017)
at org.testng.remote.AbstractRemoteTestNG.run(AbstractRemoteTestNG.java:114)
at org.testng.remote.RemoteTestNG.initAndRun(RemoteTestNG.java:251)
at org.testng.remote.RemoteTestNG.main(RemoteTestNG.java:77)
]]>
            </full-stacktrace>
          </exception> <!-- java.lang.Throwable -->
          <reporter-output>
          </reporter-output>
        </test-method> <!-- updateCustomScreens -->
        <test-method status="PASS" signature="removeVenueWFMapping()[pri:14, instance:FormBuilderTest.CompleteTesting@5622fdf]" name="removeVenueWFMapping" duration-ms="1622" started-at="2019-02-27T11:51:28Z" description="remove mapping of workflow and mapping" depends-on-methods="FormBuilderTest.CompleteTesting.MapWorkflow" finished-at="2019-02-27T11:51:30Z">
          <reporter-output>
          </reporter-output>
        </test-method> <!-- removeVenueWFMapping -->
        <test-method status="SKIP" signature="removeMappingScreenWf()[pri:13, instance:FormBuilderTest.CompleteTesting@5622fdf]" name="removeMappingScreenWf" duration-ms="0" started-at="2019-02-27T11:51:28Z" description="Remove mapping of workflow and custom screen" depends-on-methods="FormBuilderTest.CompleteTesting.MapScreensWithWorkflows" finished-at="2019-02-27T11:51:28Z">
          <exception class="java.lang.Throwable">
            <message>
              <![CDATA[Method CompleteTesting.removeMappingScreenWf()[pri:13, instance:FormBuilderTest.CompleteTesting@5622fdf] depends on not successfully finished methods]]>
            </message>
            <full-stacktrace>
              <![CDATA[java.lang.Throwable: Method CompleteTesting.removeMappingScreenWf()[pri:13, instance:FormBuilderTest.CompleteTesting@5622fdf] depends on not successfully finished methods
at org.testng.internal.Invoker.invokeTestMethods(Invoker.java:887)
at org.testng.internal.TestMethodWorker.invokeTestMethods(TestMethodWorker.java:125)
at org.testng.internal.TestMethodWorker.run(TestMethodWorker.java:109)
at org.testng.TestRunner.privateRun(TestRunner.java:648)
at org.testng.TestRunner.run(TestRunner.java:505)
at org.testng.SuiteRunner.runTest(SuiteRunner.java:455)
at org.testng.SuiteRunner.runSequentially(SuiteRunner.java:450)
at org.testng.SuiteRunner.privateRun(SuiteRunner.java:415)
at org.testng.SuiteRunner.run(SuiteRunner.java:364)
at org.testng.SuiteRunnerWorker.runSuite(SuiteRunnerWorker.java:52)
at org.testng.SuiteRunnerWorker.run(SuiteRunnerWorker.java:84)
at org.testng.TestNG.runSuitesSequentially(TestNG.java:1208)
at org.testng.TestNG.runSuitesLocally(TestNG.java:1137)
at org.testng.TestNG.runSuites(TestNG.java:1049)
at org.testng.TestNG.run(TestNG.java:1017)
at org.testng.remote.AbstractRemoteTestNG.run(AbstractRemoteTestNG.java:114)
at org.testng.remote.RemoteTestNG.initAndRun(RemoteTestNG.java:251)
at org.testng.remote.RemoteTestNG.main(RemoteTestNG.java:77)
]]>
            </full-stacktrace>
          </exception> <!-- java.lang.Throwable -->
          <reporter-output>
          </reporter-output>
        </test-method> <!-- removeMappingScreenWf -->
        <test-method status="SKIP" signature="deleteScreens()[pri:14, instance:FormBuilderTest.CompleteTesting@5622fdf]" name="deleteScreens" duration-ms="0" started-at="2019-02-27T11:51:28Z" description="deleting custom screen" depends-on-methods="FormBuilderTest.CompleteTesting.AddCustomScreens" finished-at="2019-02-27T11:51:28Z">
          <exception class="java.lang.Throwable">
            <message>
              <![CDATA[Method CompleteTesting.deleteScreens()[pri:14, instance:FormBuilderTest.CompleteTesting@5622fdf] depends on not successfully finished methods]]>
            </message>
            <full-stacktrace>
              <![CDATA[java.lang.Throwable: Method CompleteTesting.deleteScreens()[pri:14, instance:FormBuilderTest.CompleteTesting@5622fdf] depends on not successfully finished methods
at org.testng.internal.Invoker.invokeTestMethods(Invoker.java:887)
at org.testng.internal.TestMethodWorker.invokeTestMethods(TestMethodWorker.java:125)
at org.testng.internal.TestMethodWorker.run(TestMethodWorker.java:109)
at org.testng.TestRunner.privateRun(TestRunner.java:648)
at org.testng.TestRunner.run(TestRunner.java:505)
at org.testng.SuiteRunner.runTest(SuiteRunner.java:455)
at org.testng.SuiteRunner.runSequentially(SuiteRunner.java:450)
at org.testng.SuiteRunner.privateRun(SuiteRunner.java:415)
at org.testng.SuiteRunner.run(SuiteRunner.java:364)
at org.testng.SuiteRunnerWorker.runSuite(SuiteRunnerWorker.java:52)
at org.testng.SuiteRunnerWorker.run(SuiteRunnerWorker.java:84)
at org.testng.TestNG.runSuitesSequentially(TestNG.java:1208)
at org.testng.TestNG.runSuitesLocally(TestNG.java:1137)
at org.testng.TestNG.runSuites(TestNG.java:1049)
at org.testng.TestNG.run(TestNG.java:1017)
at org.testng.remote.AbstractRemoteTestNG.run(AbstractRemoteTestNG.java:114)
at org.testng.remote.RemoteTestNG.initAndRun(RemoteTestNG.java:251)
at org.testng.remote.RemoteTestNG.main(RemoteTestNG.java:77)
]]>
            </full-stacktrace>
          </exception> <!-- java.lang.Throwable -->
          <reporter-output>
          </reporter-output>
        </test-method> <!-- deleteScreens -->
        <test-method status="SKIP" signature="deleteFormFields()[pri:12, instance:FormBuilderTest.CompleteTesting@5622fdf]" name="deleteFormFields" duration-ms="0" started-at="2019-02-27T11:51:28Z" description="Delete form fields from utom Screens" depends-on-methods="FormBuilderTest.CompleteTesting.updateCustomScreens" finished-at="2019-02-27T11:51:28Z">
          <exception class="java.lang.Throwable">
            <message>
              <![CDATA[Method CompleteTesting.deleteFormFields()[pri:12, instance:FormBuilderTest.CompleteTesting@5622fdf] depends on not successfully finished methods]]>
            </message>
            <full-stacktrace>
              <![CDATA[java.lang.Throwable: Method CompleteTesting.deleteFormFields()[pri:12, instance:FormBuilderTest.CompleteTesting@5622fdf] depends on not successfully finished methods
at org.testng.internal.Invoker.invokeTestMethods(Invoker.java:887)
at org.testng.internal.TestMethodWorker.invokeTestMethods(TestMethodWorker.java:125)
at org.testng.internal.TestMethodWorker.run(TestMethodWorker.java:109)
at org.testng.TestRunner.privateRun(TestRunner.java:648)
at org.testng.TestRunner.run(TestRunner.java:505)
at org.testng.SuiteRunner.runTest(SuiteRunner.java:455)
at org.testng.SuiteRunner.runSequentially(SuiteRunner.java:450)
at org.testng.SuiteRunner.privateRun(SuiteRunner.java:415)
at org.testng.SuiteRunner.run(SuiteRunner.java:364)
at org.testng.SuiteRunnerWorker.runSuite(SuiteRunnerWorker.java:52)
at org.testng.SuiteRunnerWorker.run(SuiteRunnerWorker.java:84)
at org.testng.TestNG.runSuitesSequentially(TestNG.java:1208)
at org.testng.TestNG.runSuitesLocally(TestNG.java:1137)
at org.testng.TestNG.runSuites(TestNG.java:1049)
at org.testng.TestNG.run(TestNG.java:1017)
at org.testng.remote.AbstractRemoteTestNG.run(AbstractRemoteTestNG.java:114)
at org.testng.remote.RemoteTestNG.initAndRun(RemoteTestNG.java:251)
at org.testng.remote.RemoteTestNG.main(RemoteTestNG.java:77)
]]>
            </full-stacktrace>
          </exception> <!-- java.lang.Throwable -->
          <reporter-output>
          </reporter-output>
        </test-method> <!-- deleteFormFields -->
        <test-method status="PASS" signature="deleteWorkFlow()[pri:15, instance:FormBuilderTest.CompleteTesting@5622fdf]" name="deleteWorkFlow" duration-ms="1722" started-at="2019-02-27T11:51:30Z" description="Deleting WorkFlow" depends-on-methods="FormBuilderTest.CompleteTesting.addWorflow" finished-at="2019-02-27T11:51:31Z">
          <reporter-output>
          </reporter-output>
        </test-method> <!-- deleteWorkFlow -->
      </class> <!-- FormBuilderTest.CompleteTesting -->
    </test> <!-- Complete Test -->
  </suite> <!-- PositveTestingSuite -->
</testng-results>
